Yjhz/app/build/outputs/logs/manifest-merger-debug-report.txt
-- Merging decision tree log ---
manifest
ADDED from src\main\AndroidManifest.xml:2:1-118:12
	package
		ADDED from src\main\AndroidManifest.xml:3:11-34
		INJECTED from src\main\AndroidManifest.xml
		INJECTED from src\main\AndroidManifest.xml
	android:versionName
		ADDED from src\main\AndroidManifest.xml:5:11-36
		INJECTED from src\main\AndroidManifest.xml
		INJECTED from src\main\AndroidManifest.xml
	android:versionCode
		ADDED from src\main\AndroidManifest.xml:4:11-34
		INJECTED from src\main\AndroidManifest.xml
		INJECTED from src\main\AndroidManifest.xml
	xmlns:android
		ADDED from src\main\AndroidManifest.xml:2:11-69
uses-permission#android.permission.ACCESS_WIFI_STATE
ADDED from src\main\AndroidManifest.xml:7:5-75
	android:name
		ADDED from src\main\AndroidManifest.xml:7:22-73
uses-permission#android.permission.CHANGE_WIFI_STATE
ADDED from src\main\AndroidManifest.xml:8:5-75
	android:name
		ADDED from src\main\AndroidManifest.xml:8:22-73
uses-permission#android.permission.WRITE_EXTERNAL_STORAGE
ADDED from src\main\AndroidManifest.xml:9:5-80
	android:name
		ADDED from src\main\AndroidManifest.xml:9:22-78
uses-permission#android.permission.MOUNT_UNMOUNT_FILESYSTEMS
ADDED from src\main\AndroidManifest.xml:10:5-83
	android:name
		ADDED from src\main\AndroidManifest.xml:10:22-81
uses-permission#android.permission.INTERNET
ADDED from src\main\AndroidManifest.xml:11:5-66
	android:name
		ADDED from src\main\AndroidManifest.xml:11:22-64
uses-permission#android.permission.WRITE_SETTINGS
ADDED from src\main\AndroidManifest.xml:12:5-72
	android:name
		ADDED from src\main\AndroidManifest.xml:12:22-70
uses-permission#android.permission.ACCESS_NETWORK_STATE
ADDED from src\main\AndroidManifest.xml:13:5-78
	android:name
		ADDED from src\main\AndroidManifest.xml:13:22-76
uses-permission#android.permission.CHANGE_NETWORK_STATE
ADDED from src\main\AndroidManifest.xml:14:5-78
	android:name
		ADDED from src\main\AndroidManifest.xml:14:22-76
uses-permission#android.permission.SET_TIME_ZONE
ADDED from src\main\AndroidManifest.xml:15:5-71
	android:name
		ADDED from src\main\AndroidManifest.xml:15:22-69
uses-permission#android.permission.CLEAR_APP_CACHE
ADDED from src\main\AndroidManifest.xml:16:5-73
	android:name
		ADDED from src\main\AndroidManifest.xml:16:22-71
uses-permission#android.permission.READ_PHONE_STATE
ADDED from src\main\AndroidManifest.xml:17:5-74
	android:name
		ADDED from src\main\AndroidManifest.xml:17:22-72
uses-permission#android.permission.BLUETOOTH
ADDED from src\main\AndroidManifest.xml:19:5-67
	android:name
		ADDED from src\main\AndroidManifest.xml:19:22-65
uses-permission#android.permissions.ACCESS_FINE_LOCATION
ADDED from src\main\AndroidManifest.xml:20:5-79
	android:name
		ADDED from src\main\AndroidManifest.xml:20:22-77
uses-permission#android.permission.ACCESS_COARSE_LOCATION
ADDED from src\main\AndroidManifest.xml:21:5-80
	android:name
		ADDED from src\main\AndroidManifest.xml:21:22-78
uses-permission#android.permission.MASTER_CLEAR
ADDED from src\main\AndroidManifest.xml:22:5-70
	android:name
		ADDED from src\main\AndroidManifest.xml:22:22-68
uses-permission#android.permission.FORCE_STOP_PACKAGES
ADDED from src\main\AndroidManifest.xml:23:5-94
	android:name
		ADDED from src\main\AndroidManifest.xml:23:22-75
uses-permission#android.permission.WRITE_SECURE_SETTINGS
ADDED from src\main\AndroidManifest.xml:24:5-79
	android:name
		ADDED from src\main\AndroidManifest.xml:24:22-77
uses-permission#android.permission.READ_SECURE_SETTINGS
ADDED from src\main\AndroidManifest.xml:25:5-78
	android:name
		ADDED from src\main\AndroidManifest.xml:25:22-76
uses-permission#android.permission.READ_SETTINGS
ADDED from src\main\AndroidManifest.xml:26:5-71
	android:name
		ADDED from src\main\AndroidManifest.xml:26:22-69
uses-permission#android.permission.INJECT_EVENT
ADDED from src\main\AndroidManifest.xml:27:5-70
	android:name
		ADDED from src\main\AndroidManifest.xml:27:22-68
uses-sdk
ADDED from src\main\AndroidManifest.xml:29:5-31:40
MERGED from [com.android.support:appcompat-v7:23.1.1] AndroidManifest.xml:20:5-43
MERGED from [com.android.support:support-v4:23.1.1] AndroidManifest.xml:20:5-43
	android:targetSdkVersion
		ADDED from src\main\AndroidManifest.xml:31:9-38
		INJECTED from src\main\AndroidManifest.xml
		INJECTED from src\main\AndroidManifest.xml
	android:minSdkVersion
		ADDED from src\main\AndroidManifest.xml:30:9-35
		INJECTED from src\main\AndroidManifest.xml
		INJECTED from src\main\AndroidManifest.xml
application
ADDED from src\main\AndroidManifest.xml:33:5-116:19
MERGED from [com.android.support:appcompat-v7:23.1.1] AndroidManifest.xml:22:5-20
MERGED from [com.android.support:support-v4:23.1.1] AndroidManifest.xml:22:5-20
	android:label
		ADDED from src\main\AndroidManifest.xml:37:9-41
	android:allowBackup
		ADDED from src\main\AndroidManifest.xml:35:9-35
	android:icon
		ADDED from src\main\AndroidManifest.xml:36:9-43
	android:theme
		ADDED from src\main\AndroidManifest.xml:38:9-67
	android:name
		ADDED from src\main\AndroidManifest.xml:34:9-52
activity#cn.kiway.yjhz.MainActivity
ADDED from src\main\AndroidManifest.xml:39:9-44:20
	android:screenOrientation
		ADDED from src\main\AndroidManifest.xml:42:13-50
	android:label
		ADDED from src\main\AndroidManifest.xml:41:13-45
	android:name
		ADDED from src\main\AndroidManifest.xml:40:13-54
activity#cn.kiway.yjhz.activity.box.VideoActivity
ADDED from src\main\AndroidManifest.xml:45:9-51:20
	android:screenOrientation
		ADDED from src\main\AndroidManifest.xml:49:13-50
	android:label
		ADDED from src\main\AndroidManifest.xml:47:13-46
	android:launchMode
		ADDED from src\main\AndroidManifest.xml:48:13-48
	android:theme
		ADDED from src\main\AndroidManifest.xml:50:13-77
	android:name
		ADDED from src\main\AndroidManifest.xml:46:13-68
activity#cn.kiway.yjhz.activity.box.ImageViewActivity
ADDED from src\main\AndroidManifest.xml:52:9-57:20
	android:screenOrientation
		ADDED from src\main\AndroidManifest.xml:55:13-50
	android:launchMode
		ADDED from src\main\AndroidManifest.xml:54:13-48
	android:theme
		ADDED from src\main\AndroidManifest.xml:56:13-77
	android:name
		ADDED from src\main\AndroidManifest.xml:53:13-72
activity#cn.kiway.yjhz.activity.box.PptActivity
ADDED from src\main\AndroidManifest.xml:58:9-63:20
	android:screenOrientation
		ADDED from src\main\AndroidManifest.xml:61:13-50
	android:launchMode
		ADDED from src\main\AndroidManifest.xml:60:13-48
	android:theme
		ADDED from src\main\AndroidManifest.xml:62:13-77
	android:name
		ADDED from src\main\AndroidManifest.xml:59:13-66
activity#cn.kiway.yjhz.activity.simulator.VideoListActivity
ADDED from src\main\AndroidManifest.xml:64:9-65:67
	android:name
		ADDED from src\main\AndroidManifest.xml:65:13-65
activity#cn.kiway.yjhz.activity.simulator.GSessionDetailActivity
ADDED from src\main\AndroidManifest.xml:66:9-67:72
	android:name
		ADDED from src\main\AndroidManifest.xml:67:13-70
receiver#cn.kiway.yjhz.wifimanager.WifiReceiver
ADDED from src\main\AndroidManifest.xml:68:9-74:20
	android:name
		ADDED from src\main\AndroidManifest.xml:68:19-72
intent-filter#android.net.wifi.RSSI_CHANGED+android.net.wifi.STATE_CHANGE+android.net.wifi.WIFI_STATE_CHANGED
ADDED from src\main\AndroidManifest.xml:69:13-73:29
action#android.net.wifi.RSSI_CHANGED
ADDED from src\main\AndroidManifest.xml:70:17-71
	android:name
		ADDED from src\main\AndroidManifest.xml:70:25-69
action#android.net.wifi.STATE_CHANGE
ADDED from src\main\AndroidManifest.xml:71:17-71
	android:name
		ADDED from src\main\AndroidManifest.xml:71:25-69
action#android.net.wifi.WIFI_STATE_CHANGED
ADDED from src\main\AndroidManifest.xml:72:17-77
	android:name
		ADDED from src\main\AndroidManifest.xml:72:25-75
activity#io.vov.vitamio.activity.InitActivity
ADDED from src\main\AndroidManifest.xml:76:9-81:62
	android:launchMode
		ADDED from src\main\AndroidManifest.xml:79:13-43
	android:windowSoftInputMode
		ADDED from src\main\AndroidManifest.xml:81:13-60
	android:configChanges
		ADDED from src\main\AndroidManifest.xml:78:13-113
	android:theme
		ADDED from src\main\AndroidManifest.xml:80:13-60
	android:name
		ADDED from src\main\AndroidManifest.xml:77:13-64
activity#cn.kiway.yjhz.activity.simulator.ClassListActivity
ADDED from src\main\AndroidManifest.xml:82:9-87:62
	android:launchMode
		ADDED from src\main\AndroidManifest.xml:85:13-43
	android:windowSoftInputMode
		ADDED from src\main\AndroidManifest.xml:87:13-60
	android:configChanges
		ADDED from src\main\AndroidManifest.xml:84:13-113
	android:theme
		ADDED from src\main\AndroidManifest.xml:86:13-61
	android:name
		ADDED from src\main\AndroidManifest.xml:83:13-65
activity#cn.kiway.yjhz.activity.simulator.GSessionActivity
ADDED from src\main\AndroidManifest.xml:88:9-98:20
	android:launchMode
		ADDED from src\main\AndroidManifest.xml:91:13-43
	android:windowSoftInputMode
		ADDED from src\main\AndroidManifest.xml:92:13-60
	android:configChanges
		ADDED from src\main\AndroidManifest.xml:90:13-113
	android:name
		ADDED from src\main\AndroidManifest.xml:89:13-64
intent-filter#android.intent.action.MAIN+android.intent.category.LAUNCHER
ADDED from src\main\AndroidManifest.xml:93:13-97:29
action#android.intent.action.MAIN
ADDED from src\main\AndroidManifest.xml:94:17-68
	android:name
		ADDED from src\main\AndroidManifest.xml:94:25-66
category#android.intent.category.LAUNCHER
ADDED from src\main\AndroidManifest.xml:96:17-76
	android:name
		ADDED from src\main\AndroidManifest.xml:96:27-74
service#cn.kiway.yjhz.download.DownloadService
ADDED from src\main\AndroidManifest.xml:100:9-101:19
	android:name
		ADDED from src\main\AndroidManifest.xml:100:18-71
service#cn.kiway.mqtt.hprose.MqttService
ADDED from src\main\AndroidManifest.xml:103:9-107:19
	android:name
		ADDED from src\main\AndroidManifest.xml:103:18-65
intent-filter#MqttService
ADDED from src\main\AndroidManifest.xml:104:13-106:29
action#MqttService
ADDED from src\main\AndroidManifest.xml:105:17-53
	android:name
		ADDED from src\main\AndroidManifest.xml:105:25-51
receiver#cn.kiway.yjhz.BroadcastReceiver.NetworkConnectReceiver
ADDED from src\main\AndroidManifest.xml:109:9-115:20
	android:name
		ADDED from src\main\AndroidManifest.xml:109:19-88